# JRE version: OpenJDK Runtime Environment (8.0_202-b03) (build 1.8.0_202-release-1483-b03)
# Java VM: OpenJDK 64-Bit Server VM (25.202-b03 mixed mode windows-amd64 compressed oops)
Heap:
 PSYoungGen      total 163840K, used 37852K [0x00000000e0000000, 0x00000000eb680000, 0x0000000100000000)
  eden space 143360K, 26% used [0x00000000e0000000,0x00000000e24f72b0,0x00000000e8c00000)
  from space 20480K, 0% used [0x00000000e8c00000,0x00000000e8c00000,0x00000000ea000000)
  to   space 15872K, 0% used [0x00000000ea000000,0x00000000ea000000,0x00000000eaf80000)
 ParOldGen       total 62976K, used 30095K [0x00000000a0000000, 0x00000000a3d80000, 0x00000000e0000000)
  object space 62976K, 47% used [0x00000000a0000000,0x00000000a1d63e40,0x00000000a3d80000)
 Metaspace       used 58842K, capacity 60806K, committed 61080K, reserved 1101824K
  class space    used 7996K, capacity 8502K, committed 8616K, reserved 1048576K
GC Heap History (10 events):
Event: 10.049 GC heap before
{Heap before GC invocations=12 (full 2):
 PSYoungGen      total 131584K, used 8167K [0x00000000e0000000, 0x00000000eb500000, 0x0000000100000000)
  eden space 123392K, 0% used [0x00000000e0000000,0x00000000e0000000,0x00000000e7880000)
  from space 8192K, 99% used [0x00000000e8580000,0x00000000e8d79de0,0x00000000e8d80000)
  to   space 13312K, 0% used [0x00000000e7880000,0x00000000e7880000,0x00000000e8580000)
 ParOldGen       total 40448K, used 13612K [0x00000000a0000000, 0x00000000a2780000, 0x00000000e0000000)
  object space 40448K, 33% used [0x00000000a0000000,0x00000000a0d4b0b0,0x00000000a2780000)
 Metaspace       used 34665K, capacity 35440K, committed 35496K, reserved 1079296K
  class space    used 4780K, capacity 5020K, committed 5032K, reserved 1048576K
Event: 10.309 GC heap after
Heap after GC invocations=12 (full 2):
 PSYoungGen      total 131584K, used 0K [0x00000000e0000000, 0x00000000eb500000, 0x0000000100000000)
  eden space 123392K, 0% used [0x00000000e0000000,0x00000000e0000000,0x00000000e7880000)
  from space 8192K, 0% used [0x00000000e8580000,0x00000000e8580000,0x00000000e8d80000)
  to   space 13312K, 0% used [0x00000000e7880000,0x00000000e7880000,0x00000000e8580000)
 ParOldGen       total 62976K, used 16960K [0x00000000a0000000, 0x00000000a3d80000, 0x00000000e0000000)
  object space 62976K, 26% used [0x00000000a0000000,0x00000000a10900f8,0x00000000a3d80000)
 Metaspace       used 34658K, capacity 35416K, committed 35496K, reserved 1079296K
  class space    used 4778K, capacity 5016K, committed 5032K, reserved 1048576K
}
Event: 13.531 GC heap before
{Heap before GC invocations=13 (full 2):
 PSYoungGen      total 131584K, used 123392K [0x00000000e0000000, 0x00000000eb500000, 0x0000000100000000)
  eden space 123392K, 100% used [0x00000000e0000000,0x00000000e7880000,0x00000000e7880000)
  from space 8192K, 0% used [0x00000000e8580000,0x00000000e8580000,0x00000000e8d80000)
  to   space 13312K, 0% used [0x00000000e7880000,0x00000000e7880000,0x00000000e8580000)
 ParOldGen       total 62976K, used 16960K [0x00000000a0000000, 0x00000000a3d80000, 0x00000000e0000000)
  object space 62976K, 26% used [0x00000000a0000000,0x00000000a10900f8,0x00000000a3d80000)
 Metaspace       used 46034K, capacity 47196K, committed 47400K, reserved 1089536K
  class space    used 6219K, capacity 6583K, committed 6696K, reserved 1048576K
Event: 13.572 GC heap after
Heap after GC invocations=13 (full 2):
 PSYoungGen      total 136704K, used 13299K [0x00000000e0000000, 0x00000000eaf80000, 0x0000000100000000)
  eden space 123392K, 0% used [0x00000000e0000000,0x00000000e0000000,0x00000000e7880000)
  from space 13312K, 99% used [0x00000000e7880000,0x00000000e857ce08,0x00000000e8580000)
  to   space 15872K, 0% used [0x00000000ea000000,0x00000000ea000000,0x00000000eaf80000)
 ParOldGen       total 62976K, used 19544K [0x00000000a0000000, 0x00000000a3d80000, 0x00000000e0000000)
  object space 62976K, 31% used [0x00000000a0000000,0x00000000a13161d8,0x00000000a3d80000)
 Metaspace       used 46034K, capacity 47196K, committed 47400K, reserved 1089536K
  class space    used 6219K, capacity 6583K, committed 6696K, reserved 1048576K
}
Event: 16.842 GC heap before
{Heap before GC invocations=14 (full 2):
 PSYoungGen      total 136704K, used 136691K [0x00000000e0000000, 0x00000000eaf80000, 0x0000000100000000)
  eden space 123392K, 100% used [0x00000000e0000000,0x00000000e7880000,0x00000000e7880000)
  from space 13312K, 99% used [0x00000000e7880000,0x00000000e857ce08,0x00000000e8580000)
  to   space 15872K, 0% used [0x00000000ea000000,0x00000000ea000000,0x00000000eaf80000)
 ParOldGen       total 62976K, used 19544K [0x00000000a0000000, 0x00000000a3d80000, 0x00000000e0000000)
  object space 62976K, 31% used [0x00000000a0000000,0x00000000a13161d8,0x00000000a3d80000)
 Metaspace       used 56783K, capacity 58402K, committed 58664K, reserved 1099776K
  class space    used 7703K, capacity 8154K, committed 8232K, reserved 1048576K
Event: 16.875 GC heap after
Heap after GC invocations=14 (full 2):
 PSYoungGen      total 159232K, used 15868K [0x00000000e0000000, 0x00000000eb680000, 0x0000000100000000)
  eden space 143360K, 0% used [0x00000000e0000000,0x00000000e0000000,0x00000000e8c00000)
  from space 15872K, 99% used [0x00000000ea000000,0x00000000eaf7f060,0x00000000eaf80000)
  to   space 20480K, 0% used [0x00000000e8c00000,0x00000000e8c00000,0x00000000ea000000)
 ParOldGen       total 62976K, used 24884K [0x00000000a0000000, 0x00000000a3d80000, 0x00000000e0000000)
  object space 62976K, 39% used [0x00000000a0000000,0x00000000a184d060,0x00000000a3d80000)
 Metaspace       used 56783K, capacity 58402K, committed 58664K, reserved 1099776K
  class space    used 7703K, capacity 8154K, committed 8232K, reserved 1048576K
}
Event: 17.184 GC heap before
{Heap before GC invocations=15 (full 2):
 PSYoungGen      total 159232K, used 27023K [0x00000000e0000000, 0x00000000eb680000, 0x0000000100000000)
  eden space 143360K, 7% used [0x00000000e0000000,0x00000000e0ae4de8,0x00000000e8c00000)
  from space 15872K, 99% used [0x00000000ea000000,0x00000000eaf7f060,0x00000000eaf80000)
  to   space 20480K, 0% used [0x00000000e8c00000,0x00000000e8c00000,0x00000000ea000000)
 ParOldGen       total 62976K, used 24884K [0x00000000a0000000, 0x00000000a3d80000, 0x00000000e0000000)
  object space 62976K, 39% used [0x00000000a0000000,0x00000000a184d060,0x00000000a3d80000)
 Metaspace       used 57455K, capacity 59094K, committed 59160K, reserved 1099776K
  class space    used 7785K, capacity 8218K, committed 8232K, reserved 1048576K
Event: 17.206 GC heap after
Heap after GC invocations=15 (full 2):
 PSYoungGen      total 163840K, used 1520K [0x00000000e0000000, 0x00000000eb680000, 0x0000000100000000)
  eden space 143360K, 0% used [0x00000000e0000000,0x00000000e0000000,0x00000000e8c00000)
  from space 20480K, 7% used [0x00000000e8c00000,0x00000000e8d7c048,0x00000000ea000000)
  to   space 15872K, 0% used [0x00000000ea000000,0x00000000ea000000,0x00000000eaf80000)
 ParOldGen       total 62976K, used 37813K [0x00000000a0000000, 0x00000000a3d80000, 0x00000000e0000000)
  object space 62976K, 60% used [0x00000000a0000000,0x00000000a24ed740,0x00000000a3d80000)
 Metaspace       used 57455K, capacity 59094K, committed 59160K, reserved 1099776K
  class space    used 7785K, capacity 8218K, committed 8232K, reserved 1048576K
}
Event: 17.206 GC heap before
{Heap before GC invocations=16 (full 3):
 PSYoungGen      total 163840K, used 1520K [0x00000000e0000000, 0x00000000eb680000, 0x0000000100000000)
  eden space 143360K, 0% used [0x00000000e0000000,0x00000000e0000000,0x00000000e8c00000)
  from space 20480K, 7% used [0x00000000e8c00000,0x00000000e8d7c048,0x00000000ea000000)
  to   space 15872K, 0% used [0x00000000ea000000,0x00000000ea000000,0x00000000eaf80000)
 ParOldGen       total 62976K, used 37813K [0x00000000a0000000, 0x00000000a3d80000, 0x00000000e0000000)
  object space 62976K, 60% used [0x00000000a0000000,0x00000000a24ed740,0x00000000a3d80000)
 Metaspace       used 57455K, capacity 59094K, committed 59160K, reserved 1099776K
  class space    used 7785K, capacity 8218K, committed 8232K, reserved 1048576K
Event: 17.548 GC heap after
Heap after GC invocations=16 (full 3):
 PSYoungGen      total 163840K, used 0K [0x00000000e0000000, 0x00000000eb680000, 0x0000000100000000)
  eden space 143360K, 0% used [0x00000000e0000000,0x00000000e0000000,0x00000000e8c00000)
  from space 20480K, 0% used [0x00000000e8c00000,0x00000000e8c00000,0x00000000ea000000)
  to   space 15872K, 0% used [0x00000000ea000000,0x00000000ea000000,0x00000000eaf80000)
 ParOldGen       total 62976K, used 30095K [0x00000000a0000000, 0x00000000a3d80000, 0x00000000e0000000)
  object space 62976K, 47% used [0x00000000a0000000,0x00000000a1d63e40,0x00000000a3d80000)
 Metaspace       used 57455K, capacity 59094K, committed 59160K, reserved 1099776K
  class space    used 7785K, capacity 8218K, committed 8232K, reserved 1048576K
}

