# JRE version: OpenJDK Runtime Environment (8.0_202-b03) (build 1.8.0_202-release-1483-b03)
# Java VM: OpenJDK 64-Bit Server VM (25.202-b03 mixed mode windows-amd64 compressed oops)
Heap:
 PSYoungGen      total 95232K, used 83986K [0x00000000e0000000, 0x00000000e7400000, 0x0000000100000000)
  eden space 88064K, 87% used [0x00000000e0000000,0x00000000e4b0b2e0,0x00000000e5600000)
  from space 7168K, 99% used [0x00000000e6d00000,0x00000000e73f9588,0x00000000e7400000)
  to   space 8192K, 0% used [0x00000000e6400000,0x00000000e6400000,0x00000000e6c00000)
 ParOldGen       total 33792K, used 9334K [0x00000000a0000000, 0x00000000a2100000, 0x00000000e0000000)
  object space 33792K, 27% used [0x00000000a0000000,0x00000000a091d950,0x00000000a2100000)
 Metaspace       used 32604K, capacity 33230K, committed 33408K, reserved 1077248K
  class space    used 4489K, capacity 4684K, committed 4736K, reserved 1048576K
GC Heap History (10 events):
Event: 4.136 GC heap before
{Heap before GC invocations=7 (full 0):
 PSYoungGen      total 37888K, used 37058K [0x00000000e0000000, 0x00000000e2a00000, 0x0000000100000000)
  eden space 32768K, 100% used [0x00000000e0000000,0x00000000e2000000,0x00000000e2000000)
  from space 5120K, 83% used [0x00000000e2500000,0x00000000e2930af8,0x00000000e2a00000)
  to   space 5120K, 0% used [0x00000000e2000000,0x00000000e2000000,0x00000000e2500000)
 ParOldGen       total 44032K, used 4337K [0x00000000a0000000, 0x00000000a2b00000, 0x00000000e0000000)
  object space 44032K, 9% used [0x00000000a0000000,0x00000000a043c7e0,0x00000000a2b00000)
 Metaspace       used 16209K, capacity 16616K, committed 16896K, reserved 1062912K
  class space    used 2304K, capacity 2456K, committed 2560K, reserved 1048576K
Event: 4.151 GC heap after
Heap after GC invocations=7 (full 0):
 PSYoungGen      total 37888K, used 5110K [0x00000000e0000000, 0x00000000e4d00000, 0x0000000100000000)
  eden space 32768K, 0% used [0x00000000e0000000,0x00000000e0000000,0x00000000e2000000)
  from space 5120K, 99% used [0x00000000e2000000,0x00000000e24fdba8,0x00000000e2500000)
  to   space 6656K, 0% used [0x00000000e4680000,0x00000000e4680000,0x00000000e4d00000)
 ParOldGen       total 44032K, used 6109K [0x00000000a0000000, 0x00000000a2b00000, 0x00000000e0000000)
  object space 44032K, 13% used [0x00000000a0000000,0x00000000a05f7738,0x00000000a2b00000)
 Metaspace       used 16209K, capacity 16616K, committed 16896K, reserved 1062912K
  class space    used 2304K, capacity 2456K, committed 2560K, reserved 1048576K
}
Event: 4.820 GC heap before
{Heap before GC invocations=8 (full 0):
 PSYoungGen      total 37888K, used 37878K [0x00000000e0000000, 0x00000000e4d00000, 0x0000000100000000)
  eden space 32768K, 100% used [0x00000000e0000000,0x00000000e2000000,0x00000000e2000000)
  from space 5120K, 99% used [0x00000000e2000000,0x00000000e24fdba8,0x00000000e2500000)
  to   space 6656K, 0% used [0x00000000e4680000,0x00000000e4680000,0x00000000e4d00000)
 ParOldGen       total 44032K, used 6109K [0x00000000a0000000, 0x00000000a2b00000, 0x00000000e0000000)
  object space 44032K, 13% used [0x00000000a0000000,0x00000000a05f7738,0x00000000a2b00000)
 Metaspace       used 19097K, capacity 19632K, committed 19968K, reserved 1067008K
  class space    used 2769K, capacity 2958K, committed 3072K, reserved 1048576K
Event: 4.830 GC heap after
Heap after GC invocations=8 (full 0):
 PSYoungGen      total 71680K, used 5976K [0x00000000e0000000, 0x00000000e4e00000, 0x0000000100000000)
  eden space 65024K, 0% used [0x00000000e0000000,0x00000000e0000000,0x00000000e3f80000)
  from space 6656K, 89% used [0x00000000e4680000,0x00000000e4c56220,0x00000000e4d00000)
  to   space 7168K, 0% used [0x00000000e3f80000,0x00000000e3f80000,0x00000000e4680000)
 ParOldGen       total 44032K, used 7045K [0x00000000a0000000, 0x00000000a2b00000, 0x00000000e0000000)
  object space 44032K, 16% used [0x00000000a0000000,0x00000000a06e1758,0x00000000a2b00000)
 Metaspace       used 19097K, capacity 19632K, committed 19968K, reserved 1067008K
  class space    used 2769K, capacity 2958K, committed 3072K, reserved 1048576K
}
Event: 5.045 GC heap before
{Heap before GC invocations=9 (full 0):
 PSYoungGen      total 71680K, used 18570K [0x00000000e0000000, 0x00000000e4e00000, 0x0000000100000000)
  eden space 65024K, 19% used [0x00000000e0000000,0x00000000e0c4c858,0x00000000e3f80000)
  from space 6656K, 89% used [0x00000000e4680000,0x00000000e4c56220,0x00000000e4d00000)
  to   space 7168K, 0% used [0x00000000e3f80000,0x00000000e3f80000,0x00000000e4680000)
 ParOldGen       total 44032K, used 7045K [0x00000000a0000000, 0x00000000a2b00000, 0x00000000e0000000)
  object space 44032K, 16% used [0x00000000a0000000,0x00000000a06e1758,0x00000000a2b00000)
 Metaspace       used 20703K, capacity 21142K, committed 21296K, reserved 1067008K
  class space    used 2954K, capacity 3119K, committed 3200K, reserved 1048576K
Event: 5.054 GC heap after
Heap after GC invocations=9 (full 0):
 PSYoungGen      total 72192K, used 4593K [0x00000000e0000000, 0x00000000e7400000, 0x0000000100000000)
  eden space 65024K, 0% used [0x00000000e0000000,0x00000000e0000000,0x00000000e3f80000)
  from space 7168K, 64% used [0x00000000e3f80000,0x00000000e43fc690,0x00000000e4680000)
  to   space 7168K, 0% used [0x00000000e6d00000,0x00000000e6d00000,0x00000000e7400000)
 ParOldGen       total 44032K, used 8017K [0x00000000a0000000, 0x00000000a2b00000, 0x00000000e0000000)
  object space 44032K, 18% used [0x00000000a0000000,0x00000000a07d47c8,0x00000000a2b00000)
 Metaspace       used 20703K, capacity 21142K, committed 21296K, reserved 1067008K
  class space    used 2954K, capacity 3119K, committed 3200K, reserved 1048576K
}
Event: 5.054 GC heap before
{Heap before GC invocations=10 (full 1):
 PSYoungGen      total 72192K, used 4593K [0x00000000e0000000, 0x00000000e7400000, 0x0000000100000000)
  eden space 65024K, 0% used [0x00000000e0000000,0x00000000e0000000,0x00000000e3f80000)
  from space 7168K, 64% used [0x00000000e3f80000,0x00000000e43fc690,0x00000000e4680000)
  to   space 7168K, 0% used [0x00000000e6d00000,0x00000000e6d00000,0x00000000e7400000)
 ParOldGen       total 44032K, used 8017K [0x00000000a0000000, 0x00000000a2b00000, 0x00000000e0000000)
  object space 44032K, 18% used [0x00000000a0000000,0x00000000a07d47c8,0x00000000a2b00000)
 Metaspace       used 20703K, capacity 21142K, committed 21296K, reserved 1067008K
  class space    used 2954K, capacity 3119K, committed 3200K, reserved 1048576K
Event: 5.128 GC heap after
Heap after GC invocations=10 (full 1):
 PSYoungGen      total 72192K, used 0K [0x00000000e0000000, 0x00000000e7400000, 0x0000000100000000)
  eden space 65024K, 0% used [0x00000000e0000000,0x00000000e0000000,0x00000000e3f80000)
  from space 7168K, 0% used [0x00000000e3f80000,0x00000000e3f80000,0x00000000e4680000)
  to   space 7168K, 0% used [0x00000000e6d00000,0x00000000e6d00000,0x00000000e7400000)
 ParOldGen       total 33792K, used 8450K [0x00000000a0000000, 0x00000000a2100000, 0x00000000e0000000)
  object space 33792K, 25% used [0x00000000a0000000,0x00000000a0840bb8,0x00000000a2100000)
 Metaspace       used 20703K, capacity 21142K, committed 21296K, reserved 1067008K
  class space    used 2954K, capacity 3119K, committed 3200K, reserved 1048576K
}
Event: 6.286 GC heap before
{Heap before GC invocations=11 (full 1):
 PSYoungGen      total 72192K, used 65024K [0x00000000e0000000, 0x00000000e7400000, 0x0000000100000000)
  eden space 65024K, 100% used [0x00000000e0000000,0x00000000e3f80000,0x00000000e3f80000)
  from space 7168K, 0% used [0x00000000e3f80000,0x00000000e3f80000,0x00000000e4680000)
  to   space 7168K, 0% used [0x00000000e6d00000,0x00000000e6d00000,0x00000000e7400000)
 ParOldGen       total 33792K, used 8450K [0x00000000a0000000, 0x00000000a2100000, 0x00000000e0000000)
  object space 33792K, 25% used [0x00000000a0000000,0x00000000a0840bb8,0x00000000a2100000)
 Metaspace       used 28920K, capacity 29482K, committed 29696K, reserved 1075200K
  class space    used 3900K, capacity 4096K, committed 4096K, reserved 1048576K
Event: 6.302 GC heap after
Heap after GC invocations=11 (full 1):
 PSYoungGen      total 95232K, used 7141K [0x00000000e0000000, 0x00000000e7400000, 0x0000000100000000)
  eden space 88064K, 0% used [0x00000000e0000000,0x00000000e0000000,0x00000000e5600000)
  from space 7168K, 99% used [0x00000000e6d00000,0x00000000e73f9588,0x00000000e7400000)
  to   space 8192K, 0% used [0x00000000e6400000,0x00000000e6400000,0x00000000e6c00000)
 ParOldGen       total 33792K, used 9334K [0x00000000a0000000, 0x00000000a2100000, 0x00000000e0000000)
  object space 33792K, 27% used [0x00000000a0000000,0x00000000a091d950,0x00000000a2100000)
 Metaspace       used 28920K, capacity 29482K, committed 29696K, reserved 1075200K
  class space    used 3900K, capacity 4096K, committed 4096K, reserved 1048576K
}

