# JRE version: OpenJDK Runtime Environment (8.0_202-b03) (build 1.8.0_202-release-1483-b03)
# Java VM: OpenJDK 64-Bit Server VM (25.202-b03 mixed mode windows-amd64 compressed oops)
Heap:
 PSYoungGen      total 176128K, used 163586K [0x00000000e0000000, 0x00000000ed780000, 0x0000000100000000)
  eden space 158720K, 92% used [0x00000000e0000000,0x00000000e8ec4810,0x00000000e9b00000)
  from space 17408K, 99% used [0x00000000e9b00000,0x00000000eabfc158,0x00000000eac00000)
  to   space 23552K, 0% used [0x00000000ec080000,0x00000000ec080000,0x00000000ed780000)
 ParOldGen       total 84480K, used 55024K [0x00000000a0000000, 0x00000000a5280000, 0x00000000e0000000)
  object space 84480K, 65% used [0x00000000a0000000,0x00000000a35bc288,0x00000000a5280000)
 Metaspace       used 70636K, capacity 73348K, committed 73496K, reserved 1112064K
  class space    used 9298K, capacity 9903K, committed 10024K, reserved 1048576K
GC Heap History (10 events):
Event: 17.028 GC heap before
{Heap before GC invocations=20 (full 3):
 PSYoungGen      total 138752K, used 6608K [0x00000000e0000000, 0x00000000eac80000, 0x0000000100000000)
  eden space 123904K, 0% used [0x00000000e0000000,0x00000000e0000000,0x00000000e7900000)
  from space 14848K, 44% used [0x00000000e7900000,0x00000000e7f742a0,0x00000000e8780000)
  to   space 14336K, 0% used [0x00000000e9e80000,0x00000000e9e80000,0x00000000eac80000)
 ParOldGen       total 52736K, used 32607K [0x00000000a0000000, 0x00000000a3380000, 0x00000000e0000000)
  object space 52736K, 61% used [0x00000000a0000000,0x00000000a1fd7c60,0x00000000a3380000)
 Metaspace       used 57460K, capacity 59124K, committed 59160K, reserved 1099776K
  class space    used 7787K, capacity 8223K, committed 8232K, reserved 1048576K
Event: 17.521 GC heap after
Heap after GC invocations=20 (full 3):
 PSYoungGen      total 138752K, used 0K [0x00000000e0000000, 0x00000000eac80000, 0x0000000100000000)
  eden space 123904K, 0% used [0x00000000e0000000,0x00000000e0000000,0x00000000e7900000)
  from space 14848K, 0% used [0x00000000e7900000,0x00000000e7900000,0x00000000e8780000)
  to   space 14336K, 0% used [0x00000000e9e80000,0x00000000e9e80000,0x00000000eac80000)
 ParOldGen       total 84480K, used 32813K [0x00000000a0000000, 0x00000000a5280000, 0x00000000e0000000)
  object space 84480K, 38% used [0x00000000a0000000,0x00000000a200b730,0x00000000a5280000)
 Metaspace       used 57460K, capacity 59124K, committed 59160K, reserved 1099776K
  class space    used 7787K, capacity 8223K, committed 8232K, reserved 1048576K
}
Event: 20.914 GC heap before
{Heap before GC invocations=21 (full 3):
 PSYoungGen      total 138752K, used 123904K [0x00000000e0000000, 0x00000000eac80000, 0x0000000100000000)
  eden space 123904K, 100% used [0x00000000e0000000,0x00000000e7900000,0x00000000e7900000)
  from space 14848K, 0% used [0x00000000e7900000,0x00000000e7900000,0x00000000e8780000)
  to   space 14336K, 0% used [0x00000000e9e80000,0x00000000e9e80000,0x00000000eac80000)
 ParOldGen       total 84480K, used 32813K [0x00000000a0000000, 0x00000000a5280000, 0x00000000e0000000)
  object space 84480K, 38% used [0x00000000a0000000,0x00000000a200b730,0x00000000a5280000)
 Metaspace       used 59882K, capacity 61830K, committed 62104K, reserved 1103872K
  class space    used 8105K, capacity 8588K, committed 8616K, reserved 1048576K
Event: 20.938 GC heap after
Heap after GC invocations=21 (full 3):
 PSYoungGen      total 153088K, used 11949K [0x00000000e0000000, 0x00000000eaa80000, 0x0000000100000000)
  eden space 140800K, 0% used [0x00000000e0000000,0x00000000e0000000,0x00000000e8980000)
  from space 12288K, 97% used [0x00000000e9e80000,0x00000000eaa2b578,0x00000000eaa80000)
  to   space 15360K, 0% used [0x00000000e8c80000,0x00000000e8c80000,0x00000000e9b80000)
 ParOldGen       total 84480K, used 32821K [0x00000000a0000000, 0x00000000a5280000, 0x00000000e0000000)
  object space 84480K, 38% used [0x00000000a0000000,0x00000000a200d730,0x00000000a5280000)
 Metaspace       used 59882K, capacity 61830K, committed 62104K, reserved 1103872K
  class space    used 8105K, capacity 8588K, committed 8616K, reserved 1048576K
}
Event: 24.795 GC heap before
{Heap before GC invocations=22 (full 3):
 PSYoungGen      total 153088K, used 152749K [0x00000000e0000000, 0x00000000eaa80000, 0x0000000100000000)
  eden space 140800K, 100% used [0x00000000e0000000,0x00000000e8980000,0x00000000e8980000)
  from space 12288K, 97% used [0x00000000e9e80000,0x00000000eaa2b578,0x00000000eaa80000)
  to   space 15360K, 0% used [0x00000000e8c80000,0x00000000e8c80000,0x00000000e9b80000)
 ParOldGen       total 84480K, used 32821K [0x00000000a0000000, 0x00000000a5280000, 0x00000000e0000000)
  object space 84480K, 38% used [0x00000000a0000000,0x00000000a200d730,0x00000000a5280000)
 Metaspace       used 62170K, capacity 64244K, committed 64536K, reserved 1105920K
  class space    used 8369K, capacity 8921K, committed 9000K, reserved 1048576K
Event: 24.833 GC heap after
Heap after GC invocations=22 (full 3):
 PSYoungGen      total 159232K, used 15358K [0x00000000e0000000, 0x00000000ebd80000, 0x0000000100000000)
  eden space 143872K, 0% used [0x00000000e0000000,0x00000000e0000000,0x00000000e8c80000)
  from space 15360K, 99% used [0x00000000e8c80000,0x00000000e9b7fb90,0x00000000e9b80000)
  to   space 17920K, 0% used [0x00000000eac00000,0x00000000eac00000,0x00000000ebd80000)
 ParOldGen       total 84480K, used 33607K [0x00000000a0000000, 0x00000000a5280000, 0x00000000e0000000)
  object space 84480K, 39% used [0x00000000a0000000,0x00000000a20d1c18,0x00000000a5280000)
 Metaspace       used 62170K, capacity 64244K, committed 64536K, reserved 1105920K
  class space    used 8369K, capacity 8921K, committed 9000K, reserved 1048576K
}
Event: 33.455 GC heap before
{Heap before GC invocations=23 (full 3):
 PSYoungGen      total 159232K, used 159230K [0x00000000e0000000, 0x00000000ebd80000, 0x0000000100000000)
  eden space 143872K, 100% used [0x00000000e0000000,0x00000000e8c80000,0x00000000e8c80000)
  from space 15360K, 99% used [0x00000000e8c80000,0x00000000e9b7fb90,0x00000000e9b80000)
  to   space 17920K, 0% used [0x00000000eac00000,0x00000000eac00000,0x00000000ebd80000)
 ParOldGen       total 84480K, used 33607K [0x00000000a0000000, 0x00000000a5280000, 0x00000000e0000000)
  object space 84480K, 39% used [0x00000000a0000000,0x00000000a20d1c18,0x00000000a5280000)
 Metaspace       used 65829K, capacity 68228K, committed 68376K, reserved 1107968K
  class space    used 8904K, capacity 9451K, committed 9512K, reserved 1048576K
Event: 33.502 GC heap after
Heap after GC invocations=23 (full 3):
 PSYoungGen      total 176640K, used 8087K [0x00000000e0000000, 0x00000000ebe00000, 0x0000000100000000)
  eden space 158720K, 0% used [0x00000000e0000000,0x00000000e0000000,0x00000000e9b00000)
  from space 17920K, 45% used [0x00000000eac00000,0x00000000eb3e5c58,0x00000000ebd80000)
  to   space 17408K, 0% used [0x00000000e9b00000,0x00000000e9b00000,0x00000000eac00000)
 ParOldGen       total 84480K, used 45440K [0x00000000a0000000, 0x00000000a5280000, 0x00000000e0000000)
  object space 84480K, 53% used [0x00000000a0000000,0x00000000a2c60068,0x00000000a5280000)
 Metaspace       used 65829K, capacity 68228K, committed 68376K, reserved 1107968K
  class space    used 8904K, capacity 9451K, committed 9512K, reserved 1048576K
}
Event: 59.540 GC heap before
{Heap before GC invocations=24 (full 3):
 PSYoungGen      total 176640K, used 166807K [0x00000000e0000000, 0x00000000ebe00000, 0x0000000100000000)
  eden space 158720K, 100% used [0x00000000e0000000,0x00000000e9b00000,0x00000000e9b00000)
  from space 17920K, 45% used [0x00000000eac00000,0x00000000eb3e5c58,0x00000000ebd80000)
  to   space 17408K, 0% used [0x00000000e9b00000,0x00000000e9b00000,0x00000000eac00000)
 ParOldGen       total 84480K, used 45440K [0x00000000a0000000, 0x00000000a5280000, 0x00000000e0000000)
  object space 84480K, 53% used [0x00000000a0000000,0x00000000a2c60068,0x00000000a5280000)
 Metaspace       used 68837K, capacity 71236K, committed 71576K, reserved 1112064K
  class space    used 9071K, capacity 9627K, committed 9640K, reserved 1048576K
Event: 59.615 GC heap after
Heap after GC invocations=24 (full 3):
 PSYoungGen      total 176128K, used 17392K [0x00000000e0000000, 0x00000000ed780000, 0x0000000100000000)
  eden space 158720K, 0% used [0x00000000e0000000,0x00000000e0000000,0x00000000e9b00000)
  from space 17408K, 99% used [0x00000000e9b00000,0x00000000eabfc158,0x00000000eac00000)
  to   space 23552K, 0% used [0x00000000ec080000,0x00000000ec080000,0x00000000ed780000)
 ParOldGen       total 84480K, used 55024K [0x00000000a0000000, 0x00000000a5280000, 0x00000000e0000000)
  object space 84480K, 65% used [0x00000000a0000000,0x00000000a35bc288,0x00000000a5280000)
 Metaspace       used 68837K, capacity 71236K, committed 71576K, reserved 1112064K
  class space    used 9071K, capacity 9627K, committed 9640K, reserved 1048576K
}

