# JRE version: OpenJDK Runtime Environment (8.0_202-b03) (build 1.8.0_202-release-1483-b03)
# Java VM: OpenJDK 64-Bit Server VM (25.202-b03 mixed mode windows-amd64 compressed oops)
Heap:
 PSYoungGen      total 410624K, used 329330K [0x00000000e0000000, 0x00000000ffc80000, 0x0000000100000000)
  eden space 367104K, 77% used [0x00000000e0000000,0x00000000f1744580,0x00000000f6680000)
  from space 43520K, 99% used [0x00000000f6680000,0x00000000f90d82d0,0x00000000f9100000)
  to   space 76800K, 0% used [0x00000000fb180000,0x00000000fb180000,0x00000000ffc80000)
 ParOldGen       total 190464K, used 77859K [0x00000000a0000000, 0x00000000aba00000, 0x00000000e0000000)
  object space 190464K, 40% used [0x00000000a0000000,0x00000000a4c08f40,0x00000000aba00000)
 Metaspace       used 107115K, capacity 113816K, committed 114008K, reserved 1148928K
  class space    used 13401K, capacity 14647K, committed 14720K, reserved 1048576K
GC Heap History (10 events):
Event: 1333.278 GC heap before
{Heap before GC invocations=30 (full 5):
 PSYoungGen      total 440832K, used 440825K [0x00000000e0000000, 0x0000000100000000, 0x0000000100000000)
  eden space 384000K, 100% used [0x00000000e0000000,0x00000000f7700000,0x00000000f7700000)
  from space 56832K, 99% used [0x00000000fc180000,0x00000000ff8fe660,0x00000000ff900000)
  to   space 70144K, 0% used [0x00000000f7700000,0x00000000f7700000,0x00000000fbb80000)
 ParOldGen       total 190464K, used 75454K [0x00000000a0000000, 0x00000000aba00000, 0x00000000e0000000)
  object space 190464K, 39% used [0x00000000a0000000,0x00000000a49af980,0x00000000aba00000)
 Metaspace       used 106059K, capacity 112084K, committed 112216K, reserved 1146880K
  class space    used 13298K, capacity 14458K, committed 14464K, reserved 1048576K
Event: 1333.452 GC heap after
Heap after GC invocations=30 (full 5):
 PSYoungGen      total 424448K, used 40384K [0x00000000e0000000, 0x0000000100000000, 0x0000000100000000)
  eden space 384000K, 0% used [0x00000000e0000000,0x00000000e0000000,0x00000000f7700000)
  from space 40448K, 99% used [0x00000000f7700000,0x00000000f9e70158,0x00000000f9e80000)
  to   space 70656K, 0% used [0x00000000fbb00000,0x00000000fbb00000,0x0000000100000000)
 ParOldGen       total 190464K, used 77667K [0x00000000a0000000, 0x00000000aba00000, 0x00000000e0000000)
  object space 190464K, 40% used [0x00000000a0000000,0x00000000a4bd8f20,0x00000000aba00000)
 Metaspace       used 106059K, capacity 112084K, committed 112216K, reserved 1146880K
  class space    used 13298K, capacity 14458K, committed 14464K, reserved 1048576K
}
Event: 2393.141 GC heap before
{Heap before GC invocations=31 (full 5):
 PSYoungGen      total 424448K, used 424115K [0x00000000e0000000, 0x0000000100000000, 0x0000000100000000)
  eden space 384000K, 99% used [0x00000000e0000000,0x00000000f76bcb10,0x00000000f7700000)
  from space 40448K, 99% used [0x00000000f7700000,0x00000000f9e70158,0x00000000f9e80000)
  to   space 70656K, 0% used [0x00000000fbb00000,0x00000000fbb00000,0x0000000100000000)
 ParOldGen       total 190464K, used 77667K [0x00000000a0000000, 0x00000000aba00000, 0x00000000e0000000)
  object space 190464K, 40% used [0x00000000a0000000,0x00000000a4bd8f20,0x00000000aba00000)
 Metaspace       used 106306K, capacity 112460K, committed 112600K, reserved 1146880K
  class space    used 13311K, capacity 14478K, committed 14592K, reserved 1048576K
Event: 2393.657 GC heap after
Heap after GC invocations=31 (full 5):
 PSYoungGen      total 448512K, used 46738K [0x00000000e0000000, 0x0000000100000000, 0x0000000100000000)
  eden space 377856K, 0% used [0x00000000e0000000,0x00000000e0000000,0x00000000f7100000)
  from space 70656K, 66% used [0x00000000fbb00000,0x00000000fe8a4b80,0x0000000100000000)
  to   space 73216K, 0% used [0x00000000f7100000,0x00000000f7100000,0x00000000fb880000)
 ParOldGen       total 190464K, used 77835K [0x00000000a0000000, 0x00000000aba00000, 0x00000000e0000000)
  object space 190464K, 40% used [0x00000000a0000000,0x00000000a4c02f40,0x00000000aba00000)
 Metaspace       used 106306K, capacity 112460K, committed 112600K, reserved 1146880K
  class space    used 13311K, capacity 14478K, committed 14592K, reserved 1048576K
}
Event: 2399.713 GC heap before
{Heap before GC invocations=32 (full 5):
 PSYoungGen      total 448512K, used 424594K [0x00000000e0000000, 0x0000000100000000, 0x0000000100000000)
  eden space 377856K, 100% used [0x00000000e0000000,0x00000000f7100000,0x00000000f7100000)
  from space 70656K, 66% used [0x00000000fbb00000,0x00000000fe8a4b80,0x0000000100000000)
  to   space 73216K, 0% used [0x00000000f7100000,0x00000000f7100000,0x00000000fb880000)
 ParOldGen       total 190464K, used 77835K [0x00000000a0000000, 0x00000000aba00000, 0x00000000e0000000)
  object space 190464K, 40% used [0x00000000a0000000,0x00000000a4c02f40,0x00000000aba00000)
 Metaspace       used 106346K, capacity 112548K, committed 112856K, reserved 1146880K
  class space    used 13314K, capacity 14482K, committed 14592K, reserved 1048576K
Event: 2399.852 GC heap after
Heap after GC invocations=32 (full 5):
 PSYoungGen      total 436736K, used 58714K [0x00000000e0000000, 0x0000000100000000, 0x0000000100000000)
  eden space 377856K, 0% used [0x00000000e0000000,0x00000000e0000000,0x00000000f7100000)
  from space 58880K, 99% used [0x00000000f7100000,0x00000000faa56a40,0x00000000faa80000)
  to   space 79360K, 0% used [0x00000000fb280000,0x00000000fb280000,0x0000000100000000)
 ParOldGen       total 190464K, used 77843K [0x00000000a0000000, 0x00000000aba00000, 0x00000000e0000000)
  object space 190464K, 40% used [0x00000000a0000000,0x00000000a4c04f40,0x00000000aba00000)
 Metaspace       used 106346K, capacity 112548K, committed 112856K, reserved 1146880K
  class space    used 13314K, capacity 14482K, committed 14592K, reserved 1048576K
}
Event: 2894.096 GC heap before
{Heap before GC invocations=33 (full 5):
 PSYoungGen      total 436736K, used 436570K [0x00000000e0000000, 0x0000000100000000, 0x0000000100000000)
  eden space 377856K, 100% used [0x00000000e0000000,0x00000000f7100000,0x00000000f7100000)
  from space 58880K, 99% used [0x00000000f7100000,0x00000000faa56a40,0x00000000faa80000)
  to   space 79360K, 0% used [0x00000000fb280000,0x00000000fb280000,0x0000000100000000)
 ParOldGen       total 190464K, used 77843K [0x00000000a0000000, 0x00000000aba00000, 0x00000000e0000000)
  object space 190464K, 40% used [0x00000000a0000000,0x00000000a4c04f40,0x00000000aba00000)
 Metaspace       used 106721K, capacity 113074K, committed 113112K, reserved 1148928K
  class space    used 13349K, capacity 14556K, committed 14592K, reserved 1048576K
Event: 2895.074 GC heap after
Heap after GC invocations=33 (full 5):
 PSYoungGen      total 446464K, used 41552K [0x00000000e0000000, 0x0000000100000000, 0x0000000100000000)
  eden space 367104K, 0% used [0x00000000e0000000,0x00000000e0000000,0x00000000f6680000)
  from space 79360K, 52% used [0x00000000fb280000,0x00000000fdb14158,0x0000000100000000)
  to   space 77824K, 0% used [0x00000000f6680000,0x00000000f6680000,0x00000000fb280000)
 ParOldGen       total 190464K, used 77851K [0x00000000a0000000, 0x00000000aba00000, 0x00000000e0000000)
  object space 190464K, 40% used [0x00000000a0000000,0x00000000a4c06f40,0x00000000aba00000)
 Metaspace       used 106721K, capacity 113074K, committed 113112K, reserved 1148928K
  class space    used 13349K, capacity 14556K, committed 14592K, reserved 1048576K
}
Event: 3214.693 GC heap before
{Heap before GC invocations=34 (full 5):
 PSYoungGen      total 446464K, used 408656K [0x00000000e0000000, 0x0000000100000000, 0x0000000100000000)
  eden space 367104K, 100% used [0x00000000e0000000,0x00000000f6680000,0x00000000f6680000)
  from space 79360K, 52% used [0x00000000fb280000,0x00000000fdb14158,0x0000000100000000)
  to   space 77824K, 0% used [0x00000000f6680000,0x00000000f6680000,0x00000000fb280000)
 ParOldGen       total 190464K, used 77851K [0x00000000a0000000, 0x00000000aba00000, 0x00000000e0000000)
  object space 190464K, 40% used [0x00000000a0000000,0x00000000a4c06f40,0x00000000aba00000)
 Metaspace       used 107002K, capacity 113558K, committed 113752K, reserved 1148928K
  class space    used 13388K, capacity 14626K, committed 14720K, reserved 1048576K
Event: 3215.452 GC heap after
Heap after GC invocations=34 (full 5):
 PSYoungGen      total 410624K, used 43360K [0x00000000e0000000, 0x00000000ffc80000, 0x0000000100000000)
  eden space 367104K, 0% used [0x00000000e0000000,0x00000000e0000000,0x00000000f6680000)
  from space 43520K, 99% used [0x00000000f6680000,0x00000000f90d82d0,0x00000000f9100000)
  to   space 76800K, 0% used [0x00000000fb180000,0x00000000fb180000,0x00000000ffc80000)
 ParOldGen       total 190464K, used 77859K [0x00000000a0000000, 0x00000000aba00000, 0x00000000e0000000)
  object space 190464K, 40% used [0x00000000a0000000,0x00000000a4c08f40,0x00000000aba00000)
 Metaspace       used 107002K, capacity 113558K, committed 113752K, reserved 1148928K
  class space    used 13388K, capacity 14626K, committed 14720K, reserved 1048576K
}

