# JRE version: OpenJDK Runtime Environment (8.0_202-b03) (build 1.8.0_202-release-1483-b03)
# Java VM: OpenJDK 64-Bit Server VM (25.202-b03 mixed mode windows-amd64 compressed oops)
Heap:
 PSYoungGen      total 134656K, used 11216K [0x00000000e0000000, 0x00000000eb480000, 0x0000000100000000)
  eden space 125952K, 2% used [0x00000000e0000000,0x00000000e027aac0,0x00000000e7b00000)
  from space 8704K, 99% used [0x00000000e7b00000,0x00000000e83798f0,0x00000000e8380000)
  to   space 12288K, 0% used [0x00000000ea880000,0x00000000ea880000,0x00000000eb480000)
 ParOldGen       total 32768K, used 24650K [0x00000000a0000000, 0x00000000a2000000, 0x00000000e0000000)
  object space 32768K, 75% used [0x00000000a0000000,0x00000000a1812a68,0x00000000a2000000)
 Metaspace       used 47287K, capacity 48568K, committed 48808K, reserved 1091584K
  class space    used 6355K, capacity 6735K, committed 6824K, reserved 1048576K
GC Heap History (10 events):
Event: 7.115 GC heap before
{Heap before GC invocations=11 (full 1):
 PSYoungGen      total 72192K, used 65024K [0x00000000e0000000, 0x00000000e7400000, 0x0000000100000000)
  eden space 65024K, 100% used [0x00000000e0000000,0x00000000e3f80000,0x00000000e3f80000)
  from space 7168K, 0% used [0x00000000e3f80000,0x00000000e3f80000,0x00000000e4680000)
  to   space 7168K, 0% used [0x00000000e6d00000,0x00000000e6d00000,0x00000000e7400000)
 ParOldGen       total 32768K, used 8453K [0x00000000a0000000, 0x00000000a2000000, 0x00000000e0000000)
  object space 32768K, 25% used [0x00000000a0000000,0x00000000a0841538,0x00000000a2000000)
 Metaspace       used 28922K, capacity 29486K, committed 29696K, reserved 1075200K
  class space    used 3896K, capacity 4096K, committed 4096K, reserved 1048576K
Event: 7.129 GC heap after
Heap after GC invocations=11 (full 1):
 PSYoungGen      total 97792K, used 7158K [0x00000000e0000000, 0x00000000e7400000, 0x0000000100000000)
  eden space 90624K, 0% used [0x00000000e0000000,0x00000000e0000000,0x00000000e5880000)
  from space 7168K, 99% used [0x00000000e6d00000,0x00000000e73fdaa8,0x00000000e7400000)
  to   space 8192K, 0% used [0x00000000e6400000,0x00000000e6400000,0x00000000e6c00000)
 ParOldGen       total 32768K, used 9187K [0x00000000a0000000, 0x00000000a2000000, 0x00000000e0000000)
  object space 32768K, 28% used [0x00000000a0000000,0x00000000a08f8d48,0x00000000a2000000)
 Metaspace       used 28922K, capacity 29486K, committed 29696K, reserved 1075200K
  class space    used 3896K, capacity 4096K, committed 4096K, reserved 1048576K
}
Event: 8.629 GC heap before
{Heap before GC invocations=12 (full 1):
 PSYoungGen      total 97792K, used 97782K [0x00000000e0000000, 0x00000000e7400000, 0x0000000100000000)
  eden space 90624K, 100% used [0x00000000e0000000,0x00000000e5880000,0x00000000e5880000)
  from space 7168K, 99% used [0x00000000e6d00000,0x00000000e73fdaa8,0x00000000e7400000)
  to   space 8192K, 0% used [0x00000000e6400000,0x00000000e6400000,0x00000000e6c00000)
 ParOldGen       total 32768K, used 9187K [0x00000000a0000000, 0x00000000a2000000, 0x00000000e0000000)
  object space 32768K, 28% used [0x00000000a0000000,0x00000000a08f8d48,0x00000000a2000000)
 Metaspace       used 33417K, capacity 34086K, committed 34304K, reserved 1079296K
  class space    used 4601K, capacity 4856K, committed 4864K, reserved 1048576K
Event: 8.659 GC heap after
Heap after GC invocations=12 (full 1):
 PSYoungGen      total 110592K, used 7377K [0x00000000e0000000, 0x00000000e8c00000, 0x0000000100000000)
  eden space 102400K, 0% used [0x00000000e0000000,0x00000000e0000000,0x00000000e6400000)
  from space 8192K, 90% used [0x00000000e6400000,0x00000000e6b34548,0x00000000e6c00000)
  to   space 8704K, 0% used [0x00000000e8380000,0x00000000e8380000,0x00000000e8c00000)
 ParOldGen       total 32768K, used 12379K [0x00000000a0000000, 0x00000000a2000000, 0x00000000e0000000)
  object space 32768K, 37% used [0x00000000a0000000,0x00000000a0c16d58,0x00000000a2000000)
 Metaspace       used 33417K, capacity 34086K, committed 34304K, reserved 1079296K
  class space    used 4601K, capacity 4856K, committed 4864K, reserved 1048576K
}
Event: 9.450 GC heap before
{Heap before GC invocations=13 (full 1):
 PSYoungGen      total 110592K, used 41248K [0x00000000e0000000, 0x00000000e8c00000, 0x0000000100000000)
  eden space 102400K, 33% used [0x00000000e0000000,0x00000000e2113d98,0x00000000e6400000)
  from space 8192K, 90% used [0x00000000e6400000,0x00000000e6b34548,0x00000000e6c00000)
  to   space 8704K, 0% used [0x00000000e8380000,0x00000000e8380000,0x00000000e8c00000)
 ParOldGen       total 32768K, used 12379K [0x00000000a0000000, 0x00000000a2000000, 0x00000000e0000000)
  object space 32768K, 37% used [0x00000000a0000000,0x00000000a0c16d58,0x00000000a2000000)
 Metaspace       used 34680K, capacity 35460K, committed 35496K, reserved 1079296K
  class space    used 4783K, capacity 5027K, committed 5032K, reserved 1048576K
Event: 9.481 GC heap after
Heap after GC invocations=13 (full 1):
 PSYoungGen      total 134656K, used 4268K [0x00000000e0000000, 0x00000000e9e80000, 0x0000000100000000)
  eden space 125952K, 0% used [0x00000000e0000000,0x00000000e0000000,0x00000000e7b00000)
  from space 8704K, 49% used [0x00000000e8380000,0x00000000e87ab2a8,0x00000000e8c00000)
  to   space 8704K, 0% used [0x00000000e7b00000,0x00000000e7b00000,0x00000000e8380000)
 ParOldGen       total 32768K, used 15035K [0x00000000a0000000, 0x00000000a2000000, 0x00000000e0000000)
  object space 32768K, 45% used [0x00000000a0000000,0x00000000a0eaed90,0x00000000a2000000)
 Metaspace       used 34680K, capacity 35460K, committed 35496K, reserved 1079296K
  class space    used 4783K, capacity 5027K, committed 5032K, reserved 1048576K
}
Event: 9.481 GC heap before
{Heap before GC invocations=14 (full 2):
 PSYoungGen      total 134656K, used 4268K [0x00000000e0000000, 0x00000000e9e80000, 0x0000000100000000)
  eden space 125952K, 0% used [0x00000000e0000000,0x00000000e0000000,0x00000000e7b00000)
  from space 8704K, 49% used [0x00000000e8380000,0x00000000e87ab2a8,0x00000000e8c00000)
  to   space 8704K, 0% used [0x00000000e7b00000,0x00000000e7b00000,0x00000000e8380000)
 ParOldGen       total 32768K, used 15035K [0x00000000a0000000, 0x00000000a2000000, 0x00000000e0000000)
  object space 32768K, 45% used [0x00000000a0000000,0x00000000a0eaed90,0x00000000a2000000)
 Metaspace       used 34680K, capacity 35460K, committed 35496K, reserved 1079296K
  class space    used 4783K, capacity 5027K, committed 5032K, reserved 1048576K
Event: 9.642 GC heap after
Heap after GC invocations=14 (full 2):
 PSYoungGen      total 134656K, used 0K [0x00000000e0000000, 0x00000000e9e80000, 0x0000000100000000)
  eden space 125952K, 0% used [0x00000000e0000000,0x00000000e0000000,0x00000000e7b00000)
  from space 8704K, 0% used [0x00000000e8380000,0x00000000e8380000,0x00000000e8c00000)
  to   space 8704K, 0% used [0x00000000e7b00000,0x00000000e7b00000,0x00000000e8380000)
 ParOldGen       total 32768K, used 17097K [0x00000000a0000000, 0x00000000a2000000, 0x00000000e0000000)
  object space 32768K, 52% used [0x00000000a0000000,0x00000000a10b25e0,0x00000000a2000000)
 Metaspace       used 34671K, capacity 35430K, committed 35496K, reserved 1079296K
  class space    used 4780K, capacity 5022K, committed 5032K, reserved 1048576K
}
Event: 12.522 GC heap before
{Heap before GC invocations=15 (full 2):
 PSYoungGen      total 134656K, used 125952K [0x00000000e0000000, 0x00000000e9e80000, 0x0000000100000000)
  eden space 125952K, 100% used [0x00000000e0000000,0x00000000e7b00000,0x00000000e7b00000)
  from space 8704K, 0% used [0x00000000e8380000,0x00000000e8380000,0x00000000e8c00000)
  to   space 8704K, 0% used [0x00000000e7b00000,0x00000000e7b00000,0x00000000e8380000)
 ParOldGen       total 32768K, used 17097K [0x00000000a0000000, 0x00000000a2000000, 0x00000000e0000000)
  object space 32768K, 52% used [0x00000000a0000000,0x00000000a10b25e0,0x00000000a2000000)
 Metaspace       used 47201K, capacity 48492K, committed 48808K, reserved 1091584K
  class space    used 6344K, capacity 6733K, committed 6824K, reserved 1048576K
Event: 12.556 GC heap after
Heap after GC invocations=15 (full 2):
 PSYoungGen      total 134656K, used 8678K [0x00000000e0000000, 0x00000000eb480000, 0x0000000100000000)
  eden space 125952K, 0% used [0x00000000e0000000,0x00000000e0000000,0x00000000e7b00000)
  from space 8704K, 99% used [0x00000000e7b00000,0x00000000e83798f0,0x00000000e8380000)
  to   space 12288K, 0% used [0x00000000ea880000,0x00000000ea880000,0x00000000eb480000)
 ParOldGen       total 32768K, used 24650K [0x00000000a0000000, 0x00000000a2000000, 0x00000000e0000000)
  object space 32768K, 75% used [0x00000000a0000000,0x00000000a1812a68,0x00000000a2000000)
 Metaspace       used 47201K, capacity 48492K, committed 48808K, reserved 1091584K
  class space    used 6344K, capacity 6733K, committed 6824K, reserved 1048576K
}

